<?xml version="1.0" encoding="UTF-8"?>
<!-- Generated by org.testng.reporters.JUnitXMLReporter -->
<testsuite ignored="0" hostname="DESKTOP-KE109TO" failures="0" tests="5" name="Surefire test" time="0.067" errors="0" timestamp="2021-05-04T10:48:35 IST">
  <testcase classname="Qaclickacademy.Mavenjava.AppiumTest" name="ElementsUI" time="0.007"/>
  <testcase classname="Qaclickacademy.Mavenjava.RestApiTest" name="IOSApps" time="0.001"/>
  <testcase classname="Qaclickacademy.Mavenjava.RestApiTest" name="NativeAppAndroid" time="0.0"/>
  <testcase classname="Qaclickacademy.Mavenjava.SeleniumTest" name="BrowsweAutomation" time="0.001"/>
  <testcase classname="Qaclickacademy.Mavenjava.SeleniumTest" name="ElementsUI" time="0.0"/>
</testsuite> <!-- Surefire test -->
