<?xml version="1.0" encoding="UTF-8"?>
<testng-results ignored="0" total="5" passed="5" failed="0" skipped="0">
  <reporter-output>
  </reporter-output>
  <suite started-at="2021-05-04T10:48:35 IST" name="Surefire suite" finished-at="2021-05-04T10:48:35 IST" duration-ms="67">
    <groups>
    </groups>
    <test started-at="2021-05-04T10:48:35 IST" name="Surefire test" finished-at="2021-05-04T10:48:35 IST" duration-ms="67">
      <class name="Qaclickacademy.Mavenjava.SeleniumTest">
        <test-method signature="BrowsweAutomation()[pri:0, instance:Qaclickacademy.Mavenjava.SeleniumTest@2aece37d]" started-at="2021-05-04T10:48:35 IST" name="BrowsweAutomation" finished-at="2021-05-04T10:48:35 IST" duration-ms="1" status="PASS">
          <reporter-output>
          </reporter-output>
        </test-method> <!-- BrowsweAutomation -->
        <test-method signature="ElementsUI()[pri:0, instance:Qaclickacademy.Mavenjava.SeleniumTest@2aece37d]" started-at="2021-05-04T10:48:35 IST" name="ElementsUI" finished-at="2021-05-04T10:48:35 IST" duration-ms="0" status="PASS">
          <reporter-output>
          </reporter-output>
        </test-method> <!-- ElementsUI -->
      </class> <!-- Qaclickacademy.Mavenjava.SeleniumTest -->
      <class name="Qaclickacademy.Mavenjava.AppiumTest">
        <test-method signature="ElementsUI()[pri:0, instance:Qaclickacademy.Mavenjava.AppiumTest@1b083826]" started-at="2021-05-04T10:48:35 IST" name="ElementsUI" finished-at="2021-05-04T10:48:35 IST" duration-ms="7" status="PASS">
          <reporter-output>
          </reporter-output>
        </test-method> <!-- ElementsUI -->
      </class> <!-- Qaclickacademy.Mavenjava.AppiumTest -->
      <class name="Qaclickacademy.Mavenjava.RestApiTest">
        <test-method signature="IOSApps()[pri:0, instance:Qaclickacademy.Mavenjava.RestApiTest@3c87521]" started-at="2021-05-04T10:48:35 IST" name="IOSApps" finished-at="2021-05-04T10:48:35 IST" duration-ms="1" status="PASS">
          <reporter-output>
          </reporter-output>
        </test-method> <!-- IOSApps -->
        <test-method signature="NativeAppAndroid()[pri:0, instance:Qaclickacademy.Mavenjava.RestApiTest@3c87521]" started-at="2021-05-04T10:48:35 IST" name="NativeAppAndroid" finished-at="2021-05-04T10:48:35 IST" duration-ms="0" status="PASS">
          <reporter-output>
          </reporter-output>
        </test-method> <!-- NativeAppAndroid -->
      </class> <!-- Qaclickacademy.Mavenjava.RestApiTest -->
    </test> <!-- Surefire test -->
  </suite> <!-- Surefire suite -->
</testng-results>
